<?xml version="1.0" encoding="UTF-8"?>
<!-- Generated by org.testng.reporters.JUnitReportReporter -->
<testsuite hostname="shah4corp" failures="0" tests="1" name="tutorialsninja.register.TC_RF_005" time="9.834" errors="0" timestamp="2025-01-04T16:26:16 IST" skipped="0">
  <testcase classname="tutorialsninja.register.TC_RF_005" name="verifyRegisteringAccountBySubscribingToNewsletter" time="9.834"/>
</testsuite> <!-- tutorialsninja.register.TC_RF_005 -->
