<?xml version="1.0" encoding="UTF-8"?>
<!-- Generated by org.testng.reporters.JUnitReportReporter -->
<testsuite hostname="shah4corp" failures="0" tests="1" name="tutorialsninja.register.TC_RF_004" time="9.465" errors="0" timestamp="2025-01-04T16:17:44 IST" skipped="0">
  <testcase classname="tutorialsninja.register.TC_RF_004" name="verifyRegistringAccountWithoutFillFields" time="9.465"/>
</testsuite> <!-- tutorialsninja.register.TC_RF_004 -->
