<?xml version="1.0" encoding="UTF-8"?>
<!-- Generated by org.testng.reporters.JUnitReportReporter -->
<testsuite hostname="shah4corp" failures="0" tests="1" name="tutorialsninja.register.TC_RF_002" time="5.908" errors="0" timestamp="2025-01-01T11:50:47 IST" skipped="0">
  <testcase classname="tutorialsninja.register.TC_RF_002" name="validateEmail" time="5.908"/>
</testsuite> <!-- tutorialsninja.register.TC_RF_002 -->
