<?xml version="1.0" encoding="UTF-8"?>
<!-- Generated by org.testng.reporters.JUnitReportReporter -->
<testsuite hostname="shah4corp" failures="0" tests="1" name="tutorialsninja.register.TC_RF_003" time="9.846" errors="0" timestamp="2025-01-04T12:59:05 IST" skipped="0">
  <testcase classname="tutorialsninja.register.TC_RF_003" name="verifyRegisterWithAllFields" time="9.846"/>
</testsuite> <!-- tutorialsninja.register.TC_RF_003 -->
