<?xml version="1.0" encoding="UTF-8"?>
<!-- Generated by org.testng.reporters.JUnitReportReporter -->
<testsuite hostname="shah4corp" failures="0" tests="1" name="tutorialsninja.register.TC_RF_001" time="35.012" errors="0" timestamp="2024-12-28T21:52:45 IST" skipped="0">
  <testcase classname="tutorialsninja.register.TC_RF_001" name="verifyRegisteringWithMandatoryFields" time="35.012"/>
</testsuite> <!-- tutorialsninja.register.TC_RF_001 -->
