<?xml version="1.0" encoding="UTF-8"?>
<!-- Generated by org.testng.reporters.JUnitReportReporter -->
<testsuite hostname="shah4corp" failures="0" tests="1" name="tutorialsninja.register.TC_RF_007" time="8.149" errors="0" timestamp="2025-01-04T18:59:24 IST" skipped="0">
  <testcase classname="tutorialsninja.register.TC_RF_007" name="verifyNavigatingToRegisterAccountUsingMultipleWay" time="8.149"/>
</testsuite> <!-- tutorialsninja.register.TC_RF_007 -->
