<?xml version="1.0" encoding="UTF-8"?>
<!-- Generated by org.testng.reporters.JUnitReportReporter -->
<testsuite hostname="shah4corp" failures="0" tests="1" name="tutorialsninja.register.TC_RF_008" time="6.978" errors="0" timestamp="2025-01-04T19:05:29 IST" skipped="0">
  <testcase classname="tutorialsninja.register.TC_RF_008" name="verifyRegisteringAccountByProvidingMismatchingPasswords" time="6.978"/>
</testsuite> <!-- tutorialsninja.register.TC_RF_008 -->
