<?xml version="1.0" encoding="UTF-8"?>
<!-- Generated by org.testng.reporters.JUnitReportReporter -->
<testsuite hostname="shah4corp" failures="0" tests="1" name="tutorialsninja.register.TC_RF_010" time="18.652" errors="0" timestamp="2025-01-05T21:25:43 IST" skipped="0">
  <testcase classname="tutorialsninja.register.TC_RF_010" name="verifyRegisteringAccountUsingInvalidEmail" time="18.652"/>
</testsuite> <!-- tutorialsninja.register.TC_RF_010 -->
